Base path: C:/Program Files/Unity/Editor/Data
Pipe name: \\.\pipe\UnityShaderCompiler-64bit-1-3776
Cmd: getPlatforms
Cmd: preprocess
  insize=514 outsize=1508 ok=1
Cmd: compileSnippet
  api=4 type=0 insize=7097 outsize=3809 kw=DIRECTIONAL SHADOWS_OFF LIGHTMAP_OFF DIRLIGHTMAP_OFF DYNAMICLIGHTMAP_OFF pd= ok=1
Cmd: compileSnippet
  api=4 type=1 insize=7097 outsize=1388 kw=DIRECTIONAL SHADOWS_OFF LIGHTMAP_OFF DIRLIGHTMAP_OFF DYNAMICLIGHTMAP_OFF pd= ok=1
Cmd: compileSnippet
  api=4 type=0 insize=3843 outsize=2899 kw=POINT pd= ok=1
Cmd: compileSnippet
  api=4 type=1 insize=3843 outsize=2021 kw=POINT pd= ok=1
Cmd: compileSnippet
  api=4 type=0 insize=2976 outsize=2533 kw= pd= ok=1
Cmd: compileSnippet
  api=4 type=1 insize=2976 outsize=697 kw= pd= ok=1
Cmd: compileSnippet
  api=4 type=0 insize=6110 outsize=4223 kw=LIGHTMAP_OFF DIRLIGHTMAP_OFF DYNAMICLIGHTMAP_OFF HDR_LIGHT_PREPASS_OFF pd= ok=1
Cmd: compileSnippet
  api=4 type=1 insize=6110 outsize=1404 kw=LIGHTMAP_OFF DIRLIGHTMAP_OFF DYNAMICLIGHTMAP_OFF HDR_LIGHT_PREPASS_OFF pd= ok=1
Cmd: compileSnippet
  api=4 type=0 insize=5987 outsize=3947 kw=LIGHTMAP_OFF DIRLIGHTMAP_OFF DYNAMICLIGHTMAP_OFF HDR_LIGHT_PREPASS_OFF pd= ok=1
Cmd: compileSnippet
  api=4 type=1 insize=5987 outsize=1688 kw=LIGHTMAP_OFF DIRLIGHTMAP_OFF DYNAMICLIGHTMAP_OFF HDR_LIGHT_PREPASS_OFF pd= ok=1
Cmd: compileSnippet
  api=4 type=0 insize=3241 outsize=2631 kw= pd= ok=1
Cmd: compileSnippet
  api=4 type=1 insize=3241 outsize=1388 kw= pd= ok=1
Cmd: preprocess
  insize=1070 outsize=1629 ok=1
Cmd: compileSnippet
  api=4 type=0 insize=8165 outsize=4150 kw=DIRECTIONAL SHADOWS_OFF LIGHTMAP_OFF DIRLIGHTMAP_OFF DYNAMICLIGHTMAP_OFF pd= ok=1
Cmd: compileSnippet
  api=4 type=1 insize=8165 outsize=2436 kw=DIRECTIONAL SHADOWS_OFF LIGHTMAP_OFF DIRLIGHTMAP_OFF DYNAMICLIGHTMAP_OFF pd= ok=1
Cmd: compileSnippet
  api=4 type=0 insize=4847 outsize=3240 kw=POINT pd= ok=1
Cmd: compileSnippet
  api=4 type=1 insize=4847 outsize=3069 kw=POINT pd= ok=1
Cmd: compileSnippet
  api=4 type=0 insize=3508 outsize=2533 kw= pd= ok=1
Cmd: compileSnippet
  api=4 type=1 insize=3508 outsize=697 kw= pd= ok=1
Cmd: compileSnippet
  api=4 type=0 insize=7115 outsize=4564 kw=LIGHTMAP_OFF DIRLIGHTMAP_OFF DYNAMICLIGHTMAP_OFF HDR_LIGHT_PREPASS_OFF pd= ok=1
Cmd: compileSnippet
  api=4 type=1 insize=7115 outsize=2452 kw=LIGHTMAP_OFF DIRLIGHTMAP_OFF DYNAMICLIGHTMAP_OFF HDR_LIGHT_PREPASS_OFF pd= ok=1
Cmd: compileSnippet
  api=4 type=0 insize=6991 outsize=4288 kw=LIGHTMAP_OFF DIRLIGHTMAP_OFF DYNAMICLIGHTMAP_OFF HDR_LIGHT_PREPASS_OFF pd= ok=1
Cmd: compileSnippet
  api=4 type=1 insize=6991 outsize=2736 kw=LIGHTMAP_OFF DIRLIGHTMAP_OFF DYNAMICLIGHTMAP_OFF HDR_LIGHT_PREPASS_OFF pd= ok=1
Cmd: compileSnippet
  api=4 type=0 insize=4245 outsize=2972 kw= pd= ok=1
Cmd: compileSnippet
  api=4 type=1 insize=4245 outsize=2436 kw= pd= ok=1
Cmd: preprocess
  insize=767 outsize=346 ok=1
Cmd: compileSnippet
  api=4 type=0 insize=720 outsize=989 kw= pd= ok=1
Cmd: compileSnippet
  api=4 type=1 insize=720 outsize=518 kw= pd= ok=1
Cmd: preprocess
  insize=555 outsize=256 ok=1
Cmd: compileSnippet
  api=4 type=0 insize=601 outsize=461 kw= pd= ok=1
Cmd: compileSnippet
  api=4 type=1 insize=601 outsize=453 kw= pd= ok=1
Cmd: preprocess
  insize=715 outsize=387 ok=1
Cmd: compileSnippet
  api=4 type=0 insize=627 outsize=778 kw= pd= ok=1
Cmd: compileSnippet
  api=4 type=1 insize=627 outsize=469 kw= pd= ok=1
Cmd: preprocess
  insize=927 outsize=398 ok=1
Cmd: compileSnippet
  api=4 type=0 insize=828 outsize=1209 kw= pd= ok=1
Cmd: compileSnippet
  api=4 type=1 insize=828 outsize=770 kw= pd= ok=1
Cmd: preprocess
  insize=879 outsize=389 ok=1
Cmd: compileSnippet
  api=4 type=0 insize=791 outsize=1201 kw= pd= ok=1
Cmd: compileSnippet
  api=4 type=1 insize=791 outsize=469 kw= pd= ok=1
Cmd: preprocess
  insize=1594 outsize=451 ok=1
Cmd: compileSnippet
  api=4 type=0 insize=1442 outsize=2696 kw= pd= ok=1
Cmd: compileSnippet
  api=4 type=1 insize=1442 outsize=770 kw= pd= ok=1
Cmd: compileSnippet
  api=4 type=0 insize=541 outsize=3533 kw=SHADOWS_DEPTH pd= ok=1
Cmd: compileSnippet
  api=4 type=1 insize=541 outsize=453 kw=SHADOWS_DEPTH pd= ok=1
Cmd: compileSnippet
  api=4 type=0 insize=6924 outsize=3663 kw=DIRECTIONAL SHADOWS_OFF LIGHTMAP_OFF DIRLIGHTMAP_OFF DYNAMICLIGHTMAP_OFF pd= ok=1
Cmd: compileSnippet
  api=4 type=1 insize=6924 outsize=1314 kw=DIRECTIONAL SHADOWS_OFF LIGHTMAP_OFF DIRLIGHTMAP_OFF DYNAMICLIGHTMAP_OFF pd= ok=1
Cmd: compileSnippet
  api=4 type=0 insize=3695 outsize=2753 kw=DIRECTIONAL pd= ok=1
Cmd: compileSnippet
  api=4 type=1 insize=3695 outsize=1168 kw=DIRECTIONAL pd= ok=1
Cmd: compileSnippet
  api=4 type=0 insize=959 outsize=1087 kw= pd= ok=1
Cmd: compileSnippet
  api=4 type=1 insize=959 outsize=616 kw= pd= ok=1
Cmd: compileSnippet
  api=4 type=0 insize=1642 outsize=1290 kw=SOFTPARTICLES_OFF pd= ok=1
Cmd: compileSnippet
  api=4 type=1 insize=1642 outsize=924 kw=SOFTPARTICLES_OFF pd= ok=1
Cmd: compileSnippet
  api=4 type=0 insize=3843 outsize=2899 kw=DIRECTIONAL pd= ok=1
Cmd: compileSnippet
  api=4 type=1 insize=3843 outsize=1241 kw=DIRECTIONAL pd= ok=1
Cmd: compileSnippet
  api=4 type=0 insize=1333 outsize=1404 kw= pd= ok=1
Cmd: compileSnippet
  api=4 type=1 insize=1333 outsize=1168 kw= pd= ok=1
Cmd: compileSnippet
  api=4 type=0 insize=1329 outsize=1404 kw= pd= ok=1
Cmd: compileSnippet
  api=4 type=1 insize=1329 outsize=1168 kw= pd= ok=1
Cmd: compileSnippet
  api=4 type=0 insize=1329 outsize=1404 kw= pd= ok=1
Cmd: compileSnippet
  api=4 type=1 insize=1329 outsize=1168 kw= pd= ok=1
Cmd: compileSnippet
  api=4 type=0 insize=1333 outsize=1404 kw= pd= ok=1
Cmd: compileSnippet
  api=4 type=1 insize=1333 outsize=1168 kw= pd= ok=1
Cmd: compileSnippet
  api=4 type=0 insize=1321 outsize=1404 kw= pd= ok=1
Cmd: compileSnippet
  api=4 type=1 insize=1321 outsize=1168 kw= pd= ok=1
Cmd: compileSnippet
  api=4 type=0 insize=1331 outsize=1404 kw= pd= ok=1
Cmd: compileSnippet
  api=4 type=1 insize=1331 outsize=1168 kw= pd= ok=1
Cmd: preprocess
  insize=1411 outsize=2142 ok=1
Cmd: compileSnippet
  api=4 type=0 insize=16039 outsize=4223 kw=DIRECTIONAL SHADOWS_OFF LIGHTMAP_OFF DIRLIGHTMAP_OFF DYNAMICLIGHTMAP_OFF DUMMY pd= ok=1
Cmd: compileSnippet
  api=4 type=1 insize=16039 outsize=2289 kw=DIRECTIONAL SHADOWS_OFF LIGHTMAP_OFF DIRLIGHTMAP_OFF DYNAMICLIGHTMAP_OFF DUMMY pd= ok=1
Cmd: compileSnippet
  api=4 type=0 insize=10841 outsize=3305 kw=POINT DUMMY pd= ok=1
Cmd: compileSnippet
  api=4 type=1 insize=10841 outsize=2972 kw=POINT DUMMY pd= ok=1
Cmd: compileSnippet
  api=4 type=0 insize=9876 outsize=3354 kw=DUMMY pd= ok=1
Cmd: compileSnippet
  api=4 type=1 insize=9876 outsize=1932 kw=DUMMY pd= ok=1
Cmd: compileSnippet
  api=4 type=0 insize=14175 outsize=3646 kw=LIGHTMAP_OFF DIRLIGHTMAP_OFF DYNAMICLIGHTMAP_OFF HDR_LIGHT_PREPASS_OFF DUMMY pd= ok=1
Cmd: compileSnippet
  api=4 type=1 insize=14175 outsize=1599 kw=LIGHTMAP_OFF DIRLIGHTMAP_OFF DYNAMICLIGHTMAP_OFF HDR_LIGHT_PREPASS_OFF DUMMY pd= ok=1
Cmd: compileSnippet
  api=4 type=0 insize=15275 outsize=4361 kw=LIGHTMAP_OFF DIRLIGHTMAP_OFF DYNAMICLIGHTMAP_OFF HDR_LIGHT_PREPASS_OFF DUMMY pd= ok=1
Cmd: compileSnippet
  api=4 type=1 insize=15275 outsize=2623 kw=LIGHTMAP_OFF DIRLIGHTMAP_OFF DYNAMICLIGHTMAP_OFF HDR_LIGHT_PREPASS_OFF DUMMY pd= ok=1
Cmd: compileSnippet
  api=4 type=0 insize=7397 outsize=3768 kw=SHADOWS_DEPTH DUMMY pd= ok=1
Cmd: compileSnippet
  api=4 type=1 insize=7397 outsize=1022 kw=SHADOWS_DEPTH DUMMY pd= ok=1
Cmd: compileSnippet
  api=4 type=0 insize=9572 outsize=3947 kw=DUMMY pd= ok=1
Cmd: compileSnippet
  api=4 type=1 insize=9572 outsize=1648 kw=DUMMY pd= ok=1
Cmd: compileSnippet
  api=4 type=0 insize=10841 outsize=3305 kw=DIRECTIONAL DUMMY pd= ok=1
Cmd: compileSnippet
  api=4 type=1 insize=10841 outsize=2192 kw=DIRECTIONAL DUMMY pd= ok=1
